Temp/gradleOut/unityLibrary/build/intermediates/manifest_merge_blame_file/debug/manifest-merger-blame-debug-report.txt
1<?xml version="1.0" encoding="utf-8"?>
2<!-- GENERATED BY UNITY. REMOVE THIS COMMENT TO PREVENT OVERWRITING WHEN EXPORTING AGAIN -->
3<manifest xmlns:android="http://schemas.android.com/apk/res/android"
4    xmlns:tools="http://schemas.android.com/tools"
5    package="com.unity3d.player"
6    android:versionCode="1"
7    android:versionName="1.8" >
8
9    <uses-sdk
10        android:minSdkVersion="23"
10-->src\main\AndroidManifest.xml
11        android:targetSdkVersion="30" />
11-->src\main\AndroidManifest.xml
12
13    <uses-feature android:glEsVersion="0x00030000" />
13-->src\main\AndroidManifest.xml:24:3-52
13-->src\main\AndroidManifest.xml:24:17-49
14
15    <uses-permission android:name="android.permission.INTERNET" />
15-->src\main\AndroidManifest.xml:25:3-65
15-->src\main\AndroidManifest.xml:25:20-62
16    <uses-permission android:name="android.permission.RECORD_AUDIO" />
16-->src\main\AndroidManifest.xml:26:3-69
16-->src\main\AndroidManifest.xml:26:20-66
17    <uses-permission android:name="android.permission.MODIFY_AUDIO_SETTINGS" />
17-->src\main\AndroidManifest.xml:27:3-78
17-->src\main\AndroidManifest.xml:27:20-75
18    <uses-permission android:name="android.permission.BLUETOOTH" />
18-->src\main\AndroidManifest.xml:28:3-66
18-->src\main\AndroidManifest.xml:28:20-63
19
20    <uses-feature
20-->src\main\AndroidManifest.xml:29:3-87
21        android:name="android.hardware.microphone"
21-->src\main\AndroidManifest.xml:29:17-59
22        android:required="false" />
22-->src\main\AndroidManifest.xml:29:60-84
23    <uses-feature
23-->src\main\AndroidManifest.xml:30:3-88
24        android:name="android.hardware.touchscreen"
24-->src\main\AndroidManifest.xml:30:17-60
25        android:required="false" />
25-->src\main\AndroidManifest.xml:30:61-85
26    <uses-feature
26-->src\main\AndroidManifest.xml:31:3-99
27        android:name="android.hardware.touchscreen.multitouch"
27-->src\main\AndroidManifest.xml:31:17-71
28        android:required="false" />
28-->src\main\AndroidManifest.xml:31:72-96
29    <uses-feature
29-->src\main\AndroidManifest.xml:32:3-108
30        android:name="android.hardware.touchscreen.multitouch.distinct"
30-->src\main\AndroidManifest.xml:32:17-80
31        android:required="false" />
31-->src\main\AndroidManifest.xml:32:81-105
32    <uses-feature
32-->src\main\AndroidManifest.xml:33:3-111
33        android:name="android.hardware.vr.headtracking"
33-->src\main\AndroidManifest.xml:33:17-64
34        android:required="true"
34-->src\main\AndroidManifest.xml:33:65-88
35        android:version="1" />
35-->src\main\AndroidManifest.xml:33:89-108
36    <uses-feature
36-->src\main\AndroidManifest.xml:34:3-88
37        android:name="oculus.software.handtracking"
37-->src\main\AndroidManifest.xml:34:17-60
38        android:required="false" />
38-->src\main\AndroidManifest.xml:34:61-85
39
40    <uses-permission android:name="com.oculus.permission.HAND_TRACKING" />
40-->src\main\AndroidManifest.xml:35:3-73
40-->src\main\AndroidManifest.xml:35:20-70
41
42    <uses-feature android:name="com.oculus.feature.RENDER_MODEL" />
42-->src\main\AndroidManifest.xml:36:3-66
42-->src\main\AndroidManifest.xml:36:17-63
43
44    <uses-permission android:name="com.oculus.permission.RENDER_MODEL" />
44-->src\main\AndroidManifest.xml:37:3-72
44-->src\main\AndroidManifest.xml:37:20-69
45
46    <application
46-->src\main\AndroidManifest.xml:4:3-23:17
47        android:allowBackup="false"
47-->src\main\AndroidManifest.xml:4:81-108
48        android:icon="@mipmap/app_icon"
48-->src\main\AndroidManifest.xml:4:49-80
49        android:label="@string/app_name"
49-->src\main\AndroidManifest.xml:4:16-48
50        android:networkSecurityConfig="@xml/network_sec_config" >
50-->src\main\AndroidManifest.xml:4:109-164
51        <activity
51-->src\main\AndroidManifest.xml:5:5-14:16
52            android:name="com.unity3d.player.UnityPlayerActivity"
52-->src\main\AndroidManifest.xml:5:15-68
53            android:configChanges="mcc|mnc|locale|touchscreen|keyboard|keyboardHidden|navigation|orientation|screenLayout|uiMode|screenSize|smallestScreenSize|fontScale|layoutDirection|density"
53-->src\main\AndroidManifest.xml:5:181-362
54            android:hardwareAccelerated="false"
54-->src\main\AndroidManifest.xml:5:398-433
55            android:launchMode="singleTask"
55-->src\main\AndroidManifest.xml:5:149-180
56            android:resizeableActivity="false"
56-->src\main\AndroidManifest.xml:5:363-397
57            android:screenOrientation="landscape"
57-->src\main\AndroidManifest.xml:5:111-148
58            android:theme="@style/UnityThemeSelector" >
58-->src\main\AndroidManifest.xml:5:69-110
59            <intent-filter>
59-->src\main\AndroidManifest.xml:6:7-10:23
60                <action android:name="android.intent.action.MAIN" />
60-->src\main\AndroidManifest.xml:7:9-61
60-->src\main\AndroidManifest.xml:7:17-58
61
62                <category android:name="android.intent.category.LAUNCHER" />
62-->src\main\AndroidManifest.xml:8:9-69
62-->src\main\AndroidManifest.xml:8:19-66
63                <category android:name="com.oculus.intent.category.VR" />
63-->src\main\AndroidManifest.xml:9:9-66
63-->src\main\AndroidManifest.xml:9:19-63
64            </intent-filter>
65
66            <meta-data
66-->src\main\AndroidManifest.xml:11:7-82
67                android:name="unityplayer.UnityActivity"
67-->src\main\AndroidManifest.xml:11:18-58
68                android:value="true" />
68-->src\main\AndroidManifest.xml:11:59-79
69            <meta-data
69-->src\main\AndroidManifest.xml:12:7-78
70                android:name="android.notch_support"
70-->src\main\AndroidManifest.xml:12:18-54
71                android:value="true" />
71-->src\main\AndroidManifest.xml:12:55-75
72            <meta-data
72-->src\main\AndroidManifest.xml:13:7-81
73                android:name="com.oculus.vr.focusaware"
73-->src\main\AndroidManifest.xml:13:18-57
74                android:value="true" />
74-->src\main\AndroidManifest.xml:13:58-78
75        </activity>
76
77        <meta-data
77-->src\main\AndroidManifest.xml:15:5-69
78            android:name="unity.splash-mode"
78-->src\main\AndroidManifest.xml:15:16-48
79            android:value="0" />
79-->src\main\AndroidManifest.xml:15:49-66
80        <meta-data
80-->src\main\AndroidManifest.xml:16:5-74
81            android:name="unity.splash-enable"
81-->src\main\AndroidManifest.xml:16:16-50
82            android:value="True" />
82-->src\main\AndroidManifest.xml:16:51-71
83        <meta-data
83-->src\main\AndroidManifest.xml:17:5-84
84            android:name="unity.allow-resizable-window"
84-->src\main\AndroidManifest.xml:17:16-59
85            android:value="False" />
85-->src\main\AndroidManifest.xml:17:60-81
86        <meta-data
86-->src\main\AndroidManifest.xml:18:5-81
87            android:name="notch.config"
87-->src\main\AndroidManifest.xml:18:16-43
88            android:value="portrait|landscape" />
88-->src\main\AndroidManifest.xml:18:44-78
89        <meta-data
89-->src\main\AndroidManifest.xml:19:5-101
90            android:name="unity.build-id"
90-->src\main\AndroidManifest.xml:19:16-45
91            android:value="fc128e4a-967c-4105-ae72-2b0b8f122dfb" />
91-->src\main\AndroidManifest.xml:19:46-98
92        <meta-data
92-->src\main\AndroidManifest.xml:20:5-90
93            android:name="com.oculus.supportedDevices"
93-->src\main\AndroidManifest.xml:20:16-58
94            android:value="quest|quest2" />
94-->src\main\AndroidManifest.xml:20:59-87
95        <meta-data
95-->src\main\AndroidManifest.xml:21:5-88
96            android:name="com.oculus.handtracking.frequency"
96-->src\main\AndroidManifest.xml:21:16-64
97            android:value="HIGH" />
97-->src\main\AndroidManifest.xml:21:65-85
98        <meta-data
98-->src\main\AndroidManifest.xml:22:5-86
99            android:name="com.oculus.handtracking.version"
99-->src\main\AndroidManifest.xml:22:16-62
100            android:value="V2.0" />
100-->src\main\AndroidManifest.xml:22:63-83
101    </application>
102
103</manifest>